#! /usr/local/iverilog/bin/vvp
:ivl_version "0.9.7 " "(v0_9_7-13-gbf08fcd)";
:vpi_time_precision + 0;
:vpi_module "system";
:vpi_module "v2005_math";
:vpi_module "va_math";
S_0x7fdca85065e0 .scope module, "alu_tb" "alu_tb" 2 120;
 .timescale 0 0;
L_0x7fdca85198f0 .functor BUFZ 3, v0x7fdca85186f0_0, C4<000>, C4<000>, C4<000>;
v0x7fdca8518fc0_0 .var "ALUop", 3 0;
v0x7fdca8519040_0 .net *"_s5", 2 0, L_0x7fdca85198f0; 1 drivers
v0x7fdca85190c0_0 .net "flags", 2 0, v0x7fdca85186f0_0; 1 drivers
v0x7fdca8519140_0 .var/i "i", 31 0;
v0x7fdca85191c0_0 .var "in1", 15 0;
v0x7fdca8519240_0 .var "in2", 15 0;
v0x7fdca85192c0_0 .net "neg", 0 0, L_0x7fdca85196a0; 1 drivers
v0x7fdca8519340_0 .var "offset", 3 0;
v0x7fdca85193c0_0 .net "out", 15 0, v0x7fdca8518b90_0; 1 drivers
v0x7fdca8519440_0 .net "ov", 0 0, L_0x7fdca8519750; 1 drivers
v0x7fdca85194c0_0 .net "zr", 0 0, L_0x7fdca8519840; 1 drivers
L_0x7fdca85196a0 .part L_0x7fdca85198f0, 2, 1;
L_0x7fdca8519750 .part L_0x7fdca85198f0, 1, 1;
L_0x7fdca8519840 .part L_0x7fdca85198f0, 0, 1;
S_0x7fdca85066c0 .scope module, "dut_alu" "alu" 2 129, 2 1, S_0x7fdca85065e0;
 .timescale 0 0;
P_0x7fdca85067a8 .param/l "ADD" 2 9, C4<0000>;
P_0x7fdca85067d0 .param/l "AND" 2 12, C4<0011>;
P_0x7fdca85067f8 .param/l "NOR" 2 13, C4<0100>;
P_0x7fdca8506820 .param/l "PADDSB" 2 10, C4<0001>;
P_0x7fdca8506848 .param/l "SLL" 2 14, C4<0101>;
P_0x7fdca8506870 .param/l "SRA" 2 16, C4<0111>;
P_0x7fdca8506898 .param/l "SRL" 2 15, C4<0110>;
P_0x7fdca85068c0 .param/l "SUB" 2 11, C4<0010>;
v0x7fdca8518280_0 .net "ALUop", 3 0, v0x7fdca8518fc0_0; 1 drivers
v0x7fdca8518310_0 .net "add_neg", 0 0, v0x7fdca8517f80_0; 1 drivers
v0x7fdca85183b0_0 .net "add_out", 15 0, v0x7fdca8518020_0; 1 drivers
v0x7fdca8518450_0 .net "add_ov", 0 0, v0x7fdca85180a0_0; 1 drivers
v0x7fdca85184f0_0 .net "add_zr", 0 0, v0x7fdca85181c0_0; 1 drivers
v0x7fdca8518590_0 .net "and_out", 15 0, v0x7fdca8517750_0; 1 drivers
v0x7fdca8518630_0 .net "and_zr", 0 0, v0x7fdca85177f0_0; 1 drivers
v0x7fdca85186f0_0 .var "flags", 2 0;
v0x7fdca8518770_0 .var "neg", 0 0;
v0x7fdca8518840_0 .net "nor_out", 15 0, v0x7fdca8517390_0; 1 drivers
v0x7fdca85188c0_0 .net "nor_zr", 0 0, v0x7fdca8517430_0; 1 drivers
v0x7fdca85189a0_0 .net "offset", 3 0, v0x7fdca8519340_0; 1 drivers
v0x7fdca8518a20_0 .var "ov", 0 0;
v0x7fdca8518b10_0 .net "padd_out", 15 0, v0x7fdca8517b00_0; 1 drivers
v0x7fdca8518b90_0 .var "result", 15 0;
v0x7fdca8518c90_0 .net "shift_out", 15 0, v0x7fdca8516ec0_0; 1 drivers
v0x7fdca8518d10_0 .net "shift_zr", 0 0, v0x7fdca85170d0_0; 1 drivers
v0x7fdca8518c10_0 .net "src0", 15 0, v0x7fdca85191c0_0; 1 drivers
v0x7fdca8518e20_0 .net "src1", 15 0, v0x7fdca8519240_0; 1 drivers
v0x7fdca8518d90_0 .var "zr", 0 0;
E_0x7fdca8500b90/0 .event edge, v0x7fdca8518280_0, v0x7fdca8518020_0, v0x7fdca85180a0_0, v0x7fdca85181c0_0;
E_0x7fdca8500b90/1 .event edge, v0x7fdca8517f80_0, v0x7fdca8517b00_0, v0x7fdca8517750_0, v0x7fdca85177f0_0;
E_0x7fdca8500b90/2 .event edge, v0x7fdca8517390_0, v0x7fdca8517430_0, v0x7fdca8516ec0_0, v0x7fdca85170d0_0;
E_0x7fdca8500b90/3 .event edge, v0x7fdca85189a0_0;
E_0x7fdca8500b90 .event/or E_0x7fdca8500b90/0, E_0x7fdca8500b90/1, E_0x7fdca8500b90/2, E_0x7fdca8500b90/3;
E_0x7fdca8506ae0 .event edge, v0x7fdca8518770_0, v0x7fdca8518a20_0, v0x7fdca8518d90_0;
L_0x7fdca8519540 .part v0x7fdca8519240_0, 0, 4;
L_0x7fdca85195d0 .part v0x7fdca8518fc0_0, 0, 2;
S_0x7fdca8517cd0 .scope module, "add" "adder" 2 25, 3 1, S_0x7fdca85066c0;
 .timescale 0 0;
v0x7fdca8517df0_0 .alias "in1", 15 0, v0x7fdca8518c10_0;
v0x7fdca8517f00_0 .alias "in2", 15 0, v0x7fdca8518e20_0;
v0x7fdca8517f80_0 .var "neg", 0 0;
v0x7fdca8518020_0 .var "out", 15 0;
v0x7fdca85180a0_0 .var "ov", 0 0;
v0x7fdca8518130_0 .var "sum", 15 0;
v0x7fdca85181c0_0 .var "zr", 0 0;
E_0x7fdca8517db0 .event edge, v0x7fdca8517010_0, v0x7fdca8517310_0, v0x7fdca8518130_0, v0x7fdca8518020_0;
S_0x7fdca8517870 .scope module, "padd" "paddsb" 2 35, 4 1, S_0x7fdca85066c0;
 .timescale 0 0;
v0x7fdca85179b0_0 .alias "in1", 15 0, v0x7fdca8518c10_0;
v0x7fdca8517a40_0 .alias "in2", 15 0, v0x7fdca8518e20_0;
v0x7fdca8517b00_0 .var "out", 15 0;
v0x7fdca8517b80_0 .var "sum1", 7 0;
v0x7fdca8517c10_0 .var "sum2", 7 0;
E_0x7fdca8517950 .event edge, v0x7fdca8517010_0, v0x7fdca8517310_0, v0x7fdca8517c10_0, v0x7fdca8517b80_0;
S_0x7fdca85174c0 .scope module, "andALU" "andv" 2 43, 5 1, S_0x7fdca85066c0;
 .timescale 0 0;
v0x7fdca8517600_0 .alias "in1", 15 0, v0x7fdca8518c10_0;
v0x7fdca85176d0_0 .alias "in2", 15 0, v0x7fdca8518e20_0;
v0x7fdca8517750_0 .var "out", 15 0;
v0x7fdca85177f0_0 .var "zr", 0 0;
E_0x7fdca85175a0 .event edge, v0x7fdca8517010_0, v0x7fdca8517310_0, v0x7fdca8517750_0;
S_0x7fdca8517150 .scope module, "norALUE" "norv" 2 52, 6 1, S_0x7fdca85066c0;
 .timescale 0 0;
v0x7fdca8517260_0 .alias "in1", 15 0, v0x7fdca8518c10_0;
v0x7fdca8517310_0 .alias "in2", 15 0, v0x7fdca8518e20_0;
v0x7fdca8517390_0 .var "out", 15 0;
v0x7fdca8517430_0 .var "zr", 0 0;
E_0x7fdca8516f40 .event edge, v0x7fdca8517010_0, v0x7fdca8517310_0, v0x7fdca8517390_0;
S_0x7fdca8506b10 .scope module, "shift" "shifter" 2 60, 7 1, S_0x7fdca85066c0;
 .timescale 0 0;
v0x7fdca8506c60_0 .net "dir", 1 0, L_0x7fdca85195d0; 1 drivers
v0x7fdca8516d00_0 .var "inter0", 15 0;
v0x7fdca8516d90_0 .var "inter1", 15 0;
v0x7fdca8516e30_0 .var "inter2", 15 0;
v0x7fdca8516ec0_0 .var "out", 15 0;
v0x7fdca8516f80_0 .net "shamt", 3 0, L_0x7fdca8519540; 1 drivers
v0x7fdca8517010_0 .alias "src", 15 0, v0x7fdca8518c10_0;
v0x7fdca85170d0_0 .var "zr", 0 0;
E_0x7fdca8506bf0/0 .event edge, v0x7fdca8506c60_0, v0x7fdca8516f80_0, v0x7fdca8517010_0, v0x7fdca8516d00_0;
E_0x7fdca8506bf0/1 .event edge, v0x7fdca8516d90_0, v0x7fdca8516e30_0, v0x7fdca8516ec0_0;
E_0x7fdca8506bf0 .event/or E_0x7fdca8506bf0/0, E_0x7fdca8506bf0/1;
    .scope S_0x7fdca8517cd0;
T_0 ;
    %wait E_0x7fdca8517db0;
    %load/v 8, v0x7fdca8517df0_0, 16;
    %load/v 24, v0x7fdca8517f00_0, 16;
    %add 8, 24, 16;
    %set/v v0x7fdca8518130_0, 8, 16;
    %ix/load 1, 15, 0;
    %mov 4, 0, 1;
    %jmp/1 T_0.0, 4;
    %load/x1p 8, v0x7fdca8517df0_0, 1;
    %jmp T_0.1;
T_0.0 ;
    %mov 8, 2, 1;
T_0.1 ;
; Save base=8 wid=1 in lookaside.
    %inv 8, 1;
    %ix/load 1, 15, 0;
    %mov 4, 0, 1;
    %jmp/1 T_0.2, 4;
    %load/x1p 9, v0x7fdca8517f00_0, 1;
    %jmp T_0.3;
T_0.2 ;
    %mov 9, 2, 1;
T_0.3 ;
; Save base=9 wid=1 in lookaside.
    %inv 9, 1;
    %and 8, 9, 1;
    %ix/load 1, 15, 0;
    %mov 4, 0, 1;
    %jmp/1 T_0.4, 4;
    %load/x1p 9, v0x7fdca8518130_0, 1;
    %jmp T_0.5;
T_0.4 ;
    %mov 9, 2, 1;
T_0.5 ;
; Save base=9 wid=1 in lookaside.
    %and 8, 9, 1;
    %jmp/0xz  T_0.6, 8;
    %movi 8, 32767, 16;
    %set/v v0x7fdca8518020_0, 8, 16;
    %set/v v0x7fdca85180a0_0, 1, 1;
    %jmp T_0.7;
T_0.6 ;
    %ix/load 1, 15, 0;
    %mov 4, 0, 1;
    %jmp/1 T_0.8, 4;
    %load/x1p 8, v0x7fdca8517df0_0, 1;
    %jmp T_0.9;
T_0.8 ;
    %mov 8, 2, 1;
T_0.9 ;
; Save base=8 wid=1 in lookaside.
    %ix/load 1, 15, 0;
    %mov 4, 0, 1;
    %jmp/1 T_0.10, 4;
    %load/x1p 9, v0x7fdca8517f00_0, 1;
    %jmp T_0.11;
T_0.10 ;
    %mov 9, 2, 1;
T_0.11 ;
; Save base=9 wid=1 in lookaside.
    %and 8, 9, 1;
    %ix/load 1, 15, 0;
    %mov 4, 0, 1;
    %jmp/1 T_0.12, 4;
    %load/x1p 9, v0x7fdca8518130_0, 1;
    %jmp T_0.13;
T_0.12 ;
    %mov 9, 2, 1;
T_0.13 ;
; Save base=9 wid=1 in lookaside.
    %inv 9, 1;
    %and 8, 9, 1;
    %jmp/0xz  T_0.14, 8;
    %movi 8, 32768, 16;
    %set/v v0x7fdca8518020_0, 8, 16;
    %set/v v0x7fdca85180a0_0, 1, 1;
    %jmp T_0.15;
T_0.14 ;
    %load/v 8, v0x7fdca8518130_0, 16;
    %set/v v0x7fdca8518020_0, 8, 16;
    %set/v v0x7fdca85180a0_0, 0, 1;
T_0.15 ;
T_0.7 ;
    %load/v 8, v0x7fdca8518130_0, 16;
    %cmpi/u 8, 0, 16;
    %jmp/0xz  T_0.16, 4;
    %set/v v0x7fdca85181c0_0, 1, 1;
    %jmp T_0.17;
T_0.16 ;
    %set/v v0x7fdca85181c0_0, 0, 1;
T_0.17 ;
    %ix/load 1, 15, 0;
    %mov 4, 0, 1;
    %jmp/1 T_0.18, 4;
    %load/x1p 8, v0x7fdca8518020_0, 1;
    %jmp T_0.19;
T_0.18 ;
    %mov 8, 2, 1;
T_0.19 ;
; Save base=8 wid=1 in lookaside.
    %set/v v0x7fdca8517f80_0, 8, 1;
    %jmp T_0;
    .thread T_0, $push;
    .scope S_0x7fdca8517870;
T_1 ;
    %wait E_0x7fdca8517950;
    %load/v 8, v0x7fdca85179b0_0, 8; Only need 8 of 16 bits
; Save base=8 wid=8 in lookaside.
    %load/v 16, v0x7fdca8517a40_0, 8; Only need 8 of 16 bits
; Save base=16 wid=8 in lookaside.
    %add 8, 16, 8;
    %set/v v0x7fdca8517b80_0, 8, 8;
    %ix/load 1, 8, 0;
    %mov 4, 0, 1;
    %jmp/1 T_1.0, 4;
    %load/x1p 8, v0x7fdca85179b0_0, 8;
    %jmp T_1.1;
T_1.0 ;
    %mov 8, 2, 8;
T_1.1 ;
; Save base=8 wid=8 in lookaside.
    %ix/load 1, 8, 0;
    %mov 4, 0, 1;
    %jmp/1 T_1.2, 4;
    %load/x1p 16, v0x7fdca8517a40_0, 8;
    %jmp T_1.3;
T_1.2 ;
    %mov 16, 2, 8;
T_1.3 ;
; Save base=16 wid=8 in lookaside.
    %add 8, 16, 8;
    %set/v v0x7fdca8517c10_0, 8, 8;
    %ix/load 1, 15, 0;
    %mov 4, 0, 1;
    %jmp/1 T_1.4, 4;
    %load/x1p 8, v0x7fdca85179b0_0, 1;
    %jmp T_1.5;
T_1.4 ;
    %mov 8, 2, 1;
T_1.5 ;
; Save base=8 wid=1 in lookaside.
    %inv 8, 1;
    %ix/load 1, 15, 0;
    %mov 4, 0, 1;
    %jmp/1 T_1.6, 4;
    %load/x1p 9, v0x7fdca8517a40_0, 1;
    %jmp T_1.7;
T_1.6 ;
    %mov 9, 2, 1;
T_1.7 ;
; Save base=9 wid=1 in lookaside.
    %inv 9, 1;
    %and 8, 9, 1;
    %ix/load 1, 7, 0;
    %mov 4, 0, 1;
    %jmp/1 T_1.8, 4;
    %load/x1p 9, v0x7fdca8517c10_0, 1;
    %jmp T_1.9;
T_1.8 ;
    %mov 9, 2, 1;
T_1.9 ;
; Save base=9 wid=1 in lookaside.
    %and 8, 9, 1;
    %jmp/0xz  T_1.10, 8;
    %movi 8, 127, 8;
    %set/v v0x7fdca8517c10_0, 8, 8;
T_1.10 ;
    %ix/load 1, 15, 0;
    %mov 4, 0, 1;
    %jmp/1 T_1.12, 4;
    %load/x1p 8, v0x7fdca85179b0_0, 1;
    %jmp T_1.13;
T_1.12 ;
    %mov 8, 2, 1;
T_1.13 ;
; Save base=8 wid=1 in lookaside.
    %ix/load 1, 15, 0;
    %mov 4, 0, 1;
    %jmp/1 T_1.14, 4;
    %load/x1p 9, v0x7fdca8517a40_0, 1;
    %jmp T_1.15;
T_1.14 ;
    %mov 9, 2, 1;
T_1.15 ;
; Save base=9 wid=1 in lookaside.
    %and 8, 9, 1;
    %ix/load 1, 7, 0;
    %mov 4, 0, 1;
    %jmp/1 T_1.16, 4;
    %load/x1p 9, v0x7fdca8517c10_0, 1;
    %jmp T_1.17;
T_1.16 ;
    %mov 9, 2, 1;
T_1.17 ;
; Save base=9 wid=1 in lookaside.
    %inv 9, 1;
    %and 8, 9, 1;
    %jmp/0xz  T_1.18, 8;
    %movi 8, 128, 8;
    %set/v v0x7fdca8517c10_0, 8, 8;
T_1.18 ;
    %ix/load 1, 7, 0;
    %mov 4, 0, 1;
    %jmp/1 T_1.20, 4;
    %load/x1p 8, v0x7fdca85179b0_0, 1;
    %jmp T_1.21;
T_1.20 ;
    %mov 8, 2, 1;
T_1.21 ;
; Save base=8 wid=1 in lookaside.
    %inv 8, 1;
    %ix/load 1, 7, 0;
    %mov 4, 0, 1;
    %jmp/1 T_1.22, 4;
    %load/x1p 9, v0x7fdca8517a40_0, 1;
    %jmp T_1.23;
T_1.22 ;
    %mov 9, 2, 1;
T_1.23 ;
; Save base=9 wid=1 in lookaside.
    %inv 9, 1;
    %and 8, 9, 1;
    %ix/load 1, 7, 0;
    %mov 4, 0, 1;
    %jmp/1 T_1.24, 4;
    %load/x1p 9, v0x7fdca8517b80_0, 1;
    %jmp T_1.25;
T_1.24 ;
    %mov 9, 2, 1;
T_1.25 ;
; Save base=9 wid=1 in lookaside.
    %and 8, 9, 1;
    %jmp/0xz  T_1.26, 8;
    %movi 8, 127, 8;
    %set/v v0x7fdca8517b80_0, 8, 8;
T_1.26 ;
    %ix/load 1, 7, 0;
    %mov 4, 0, 1;
    %jmp/1 T_1.28, 4;
    %load/x1p 8, v0x7fdca85179b0_0, 1;
    %jmp T_1.29;
T_1.28 ;
    %mov 8, 2, 1;
T_1.29 ;
; Save base=8 wid=1 in lookaside.
    %ix/load 1, 7, 0;
    %mov 4, 0, 1;
    %jmp/1 T_1.30, 4;
    %load/x1p 9, v0x7fdca8517a40_0, 1;
    %jmp T_1.31;
T_1.30 ;
    %mov 9, 2, 1;
T_1.31 ;
; Save base=9 wid=1 in lookaside.
    %and 8, 9, 1;
    %ix/load 1, 7, 0;
    %mov 4, 0, 1;
    %jmp/1 T_1.32, 4;
    %load/x1p 9, v0x7fdca8517b80_0, 1;
    %jmp T_1.33;
T_1.32 ;
    %mov 9, 2, 1;
T_1.33 ;
; Save base=9 wid=1 in lookaside.
    %inv 9, 1;
    %and 8, 9, 1;
    %jmp/0xz  T_1.34, 8;
    %movi 8, 128, 8;
    %set/v v0x7fdca8517b80_0, 8, 8;
T_1.34 ;
    %load/v 8, v0x7fdca8517b80_0, 8;
    %load/v 16, v0x7fdca8517c10_0, 8;
    %set/v v0x7fdca8517b00_0, 8, 16;
    %jmp T_1;
    .thread T_1, $push;
    .scope S_0x7fdca85174c0;
T_2 ;
    %wait E_0x7fdca85175a0;
    %load/v 8, v0x7fdca8517600_0, 16;
    %load/v 24, v0x7fdca85176d0_0, 16;
    %and 8, 24, 16;
    %set/v v0x7fdca8517750_0, 8, 16;
    %load/v 8, v0x7fdca8517750_0, 16;
    %cmpi/u 8, 0, 16;
    %jmp/0xz  T_2.0, 4;
    %set/v v0x7fdca85177f0_0, 1, 1;
    %jmp T_2.1;
T_2.0 ;
    %set/v v0x7fdca85177f0_0, 0, 1;
T_2.1 ;
    %jmp T_2;
    .thread T_2, $push;
    .scope S_0x7fdca8517150;
T_3 ;
    %wait E_0x7fdca8516f40;
    %load/v 8, v0x7fdca8517260_0, 16;
    %load/v 24, v0x7fdca8517310_0, 16;
    %nor 8, 24, 16;
    %set/v v0x7fdca8517390_0, 8, 16;
    %load/v 8, v0x7fdca8517390_0, 16;
    %cmpi/u 8, 0, 16;
    %jmp/0xz  T_3.0, 4;
    %set/v v0x7fdca8517430_0, 1, 1;
    %jmp T_3.1;
T_3.0 ;
    %set/v v0x7fdca8517430_0, 0, 1;
T_3.1 ;
    %jmp T_3;
    .thread T_3, $push;
    .scope S_0x7fdca8506b10;
T_4 ;
    %wait E_0x7fdca8506bf0;
    %load/v 8, v0x7fdca8506c60_0, 2;
    %cmpi/u 8, 1, 2;
    %jmp/0xz  T_4.0, 4;
    %load/v 8, v0x7fdca8516f80_0, 1; Only need 1 of 4 bits
; Save base=8 wid=1 in lookaside.
    %jmp/0xz  T_4.2, 8;
    %load/v 8, v0x7fdca8517010_0, 16;
    %ix/load 0, 1, 0;
    %mov 4, 0, 1;
    %shiftl/i0  8, 16;
    %set/v v0x7fdca8516d00_0, 8, 16;
    %jmp T_4.3;
T_4.2 ;
    %load/v 8, v0x7fdca8517010_0, 16;
    %set/v v0x7fdca8516d00_0, 8, 16;
T_4.3 ;
    %ix/load 1, 1, 0;
    %mov 4, 0, 1;
    %jmp/1 T_4.4, 4;
    %load/x1p 8, v0x7fdca8516f80_0, 1;
    %jmp T_4.5;
T_4.4 ;
    %mov 8, 2, 1;
T_4.5 ;
; Save base=8 wid=1 in lookaside.
    %jmp/0xz  T_4.6, 8;
    %load/v 8, v0x7fdca8516d00_0, 16;
    %ix/load 0, 2, 0;
    %mov 4, 0, 1;
    %shiftl/i0  8, 16;
    %set/v v0x7fdca8516d90_0, 8, 16;
    %jmp T_4.7;
T_4.6 ;
    %load/v 8, v0x7fdca8516d00_0, 16;
    %set/v v0x7fdca8516d90_0, 8, 16;
T_4.7 ;
    %ix/load 1, 2, 0;
    %mov 4, 0, 1;
    %jmp/1 T_4.8, 4;
    %load/x1p 8, v0x7fdca8516f80_0, 1;
    %jmp T_4.9;
T_4.8 ;
    %mov 8, 2, 1;
T_4.9 ;
; Save base=8 wid=1 in lookaside.
    %jmp/0xz  T_4.10, 8;
    %load/v 8, v0x7fdca8516d90_0, 16;
    %ix/load 0, 4, 0;
    %mov 4, 0, 1;
    %shiftl/i0  8, 16;
    %set/v v0x7fdca8516e30_0, 8, 16;
    %jmp T_4.11;
T_4.10 ;
    %load/v 8, v0x7fdca8516d90_0, 16;
    %set/v v0x7fdca8516e30_0, 8, 16;
T_4.11 ;
    %ix/load 1, 3, 0;
    %mov 4, 0, 1;
    %jmp/1 T_4.12, 4;
    %load/x1p 8, v0x7fdca8516f80_0, 1;
    %jmp T_4.13;
T_4.12 ;
    %mov 8, 2, 1;
T_4.13 ;
; Save base=8 wid=1 in lookaside.
    %jmp/0xz  T_4.14, 8;
    %load/v 8, v0x7fdca8516e30_0, 16;
    %ix/load 0, 8, 0;
    %mov 4, 0, 1;
    %shiftl/i0  8, 16;
    %set/v v0x7fdca8516ec0_0, 8, 16;
    %jmp T_4.15;
T_4.14 ;
    %load/v 8, v0x7fdca8516e30_0, 16;
    %set/v v0x7fdca8516ec0_0, 8, 16;
T_4.15 ;
    %jmp T_4.1;
T_4.0 ;
    %load/v 8, v0x7fdca8506c60_0, 2;
    %cmpi/u 8, 2, 2;
    %jmp/0xz  T_4.16, 4;
    %load/v 8, v0x7fdca8516f80_0, 1; Only need 1 of 4 bits
; Save base=8 wid=1 in lookaside.
    %jmp/0xz  T_4.18, 8;
    %load/v 8, v0x7fdca8517010_0, 16;
    %ix/load 0, 1, 0;
    %mov 4, 0, 1;
    %shiftr/i0  8, 16;
    %set/v v0x7fdca8516d00_0, 8, 16;
    %jmp T_4.19;
T_4.18 ;
    %load/v 8, v0x7fdca8517010_0, 16;
    %set/v v0x7fdca8516d00_0, 8, 16;
T_4.19 ;
    %ix/load 1, 1, 0;
    %mov 4, 0, 1;
    %jmp/1 T_4.20, 4;
    %load/x1p 8, v0x7fdca8516f80_0, 1;
    %jmp T_4.21;
T_4.20 ;
    %mov 8, 2, 1;
T_4.21 ;
; Save base=8 wid=1 in lookaside.
    %jmp/0xz  T_4.22, 8;
    %load/v 8, v0x7fdca8516d00_0, 16;
    %ix/load 0, 2, 0;
    %mov 4, 0, 1;
    %shiftr/i0  8, 16;
    %set/v v0x7fdca8516d90_0, 8, 16;
    %jmp T_4.23;
T_4.22 ;
    %load/v 8, v0x7fdca8516d00_0, 16;
    %set/v v0x7fdca8516d90_0, 8, 16;
T_4.23 ;
    %ix/load 1, 2, 0;
    %mov 4, 0, 1;
    %jmp/1 T_4.24, 4;
    %load/x1p 8, v0x7fdca8516f80_0, 1;
    %jmp T_4.25;
T_4.24 ;
    %mov 8, 2, 1;
T_4.25 ;
; Save base=8 wid=1 in lookaside.
    %jmp/0xz  T_4.26, 8;
    %load/v 8, v0x7fdca8516d90_0, 16;
    %ix/load 0, 4, 0;
    %mov 4, 0, 1;
    %shiftr/i0  8, 16;
    %set/v v0x7fdca8516e30_0, 8, 16;
    %jmp T_4.27;
T_4.26 ;
    %load/v 8, v0x7fdca8516d90_0, 16;
    %set/v v0x7fdca8516e30_0, 8, 16;
T_4.27 ;
    %ix/load 1, 3, 0;
    %mov 4, 0, 1;
    %jmp/1 T_4.28, 4;
    %load/x1p 8, v0x7fdca8516f80_0, 1;
    %jmp T_4.29;
T_4.28 ;
    %mov 8, 2, 1;
T_4.29 ;
; Save base=8 wid=1 in lookaside.
    %jmp/0xz  T_4.30, 8;
    %load/v 8, v0x7fdca8516e30_0, 16;
    %ix/load 0, 8, 0;
    %mov 4, 0, 1;
    %shiftr/i0  8, 16;
    %set/v v0x7fdca8516ec0_0, 8, 16;
    %jmp T_4.31;
T_4.30 ;
    %load/v 8, v0x7fdca8516e30_0, 16;
    %set/v v0x7fdca8516ec0_0, 8, 16;
T_4.31 ;
    %jmp T_4.17;
T_4.16 ;
    %load/v 8, v0x7fdca8516f80_0, 1; Only need 1 of 4 bits
; Save base=8 wid=1 in lookaside.
    %jmp/0xz  T_4.32, 8;
    %load/v 8, v0x7fdca8517010_0, 16;
    %ix/load 0, 1, 0;
    %mov 4, 0, 1;
    %shiftr/i0  8, 16;
    %set/v v0x7fdca8516d00_0, 8, 16;
    %jmp T_4.33;
T_4.32 ;
    %load/v 8, v0x7fdca8517010_0, 16;
    %set/v v0x7fdca8516d00_0, 8, 16;
T_4.33 ;
    %ix/load 1, 1, 0;
    %mov 4, 0, 1;
    %jmp/1 T_4.34, 4;
    %load/x1p 8, v0x7fdca8516f80_0, 1;
    %jmp T_4.35;
T_4.34 ;
    %mov 8, 2, 1;
T_4.35 ;
; Save base=8 wid=1 in lookaside.
    %jmp/0xz  T_4.36, 8;
    %load/v 8, v0x7fdca8516d00_0, 16;
    %ix/load 0, 2, 0;
    %mov 4, 0, 1;
    %shiftr/i0  8, 16;
    %set/v v0x7fdca8516d90_0, 8, 16;
    %jmp T_4.37;
T_4.36 ;
    %load/v 8, v0x7fdca8516d00_0, 16;
    %set/v v0x7fdca8516d90_0, 8, 16;
T_4.37 ;
    %ix/load 1, 2, 0;
    %mov 4, 0, 1;
    %jmp/1 T_4.38, 4;
    %load/x1p 8, v0x7fdca8516f80_0, 1;
    %jmp T_4.39;
T_4.38 ;
    %mov 8, 2, 1;
T_4.39 ;
; Save base=8 wid=1 in lookaside.
    %jmp/0xz  T_4.40, 8;
    %load/v 8, v0x7fdca8516d90_0, 16;
    %ix/load 0, 4, 0;
    %mov 4, 0, 1;
    %shiftr/i0  8, 16;
    %set/v v0x7fdca8516e30_0, 8, 16;
    %jmp T_4.41;
T_4.40 ;
    %load/v 8, v0x7fdca8516d90_0, 16;
    %set/v v0x7fdca8516e30_0, 8, 16;
T_4.41 ;
    %ix/load 1, 3, 0;
    %mov 4, 0, 1;
    %jmp/1 T_4.42, 4;
    %load/x1p 8, v0x7fdca8516f80_0, 1;
    %jmp T_4.43;
T_4.42 ;
    %mov 8, 2, 1;
T_4.43 ;
; Save base=8 wid=1 in lookaside.
    %jmp/0xz  T_4.44, 8;
    %load/v 8, v0x7fdca8516e30_0, 16;
    %ix/load 0, 8, 0;
    %mov 4, 0, 1;
    %shiftr/i0  8, 16;
    %set/v v0x7fdca8516ec0_0, 8, 16;
    %jmp T_4.45;
T_4.44 ;
    %load/v 8, v0x7fdca8516e30_0, 16;
    %set/v v0x7fdca8516ec0_0, 8, 16;
T_4.45 ;
T_4.17 ;
T_4.1 ;
    %load/v 8, v0x7fdca8516ec0_0, 16;
    %cmpi/u 8, 0, 16;
    %jmp/0xz  T_4.46, 4;
    %set/v v0x7fdca85170d0_0, 1, 1;
    %jmp T_4.47;
T_4.46 ;
    %set/v v0x7fdca85170d0_0, 0, 1;
T_4.47 ;
    %jmp T_4;
    .thread T_4, $push;
    .scope S_0x7fdca85066c0;
T_5 ;
    %wait E_0x7fdca8506ae0;
    %load/v 8, v0x7fdca8518d90_0, 1;
    %load/v 9, v0x7fdca8518a20_0, 1;
    %load/v 10, v0x7fdca8518770_0, 1;
    %set/v v0x7fdca85186f0_0, 8, 3;
    %jmp T_5;
    .thread T_5, $push;
    .scope S_0x7fdca85066c0;
T_6 ;
    %wait E_0x7fdca8500b90;
    %load/v 8, v0x7fdca8518280_0, 4;
    %mov 12, 0, 1;
    %cmpi/u 8, 0, 5;
    %jmp/0xz  T_6.0, 4;
    %load/v 8, v0x7fdca85183b0_0, 16;
    %set/v v0x7fdca8518b90_0, 8, 16;
    %load/v 8, v0x7fdca8518450_0, 1;
    %set/v v0x7fdca8518a20_0, 8, 1;
    %load/v 8, v0x7fdca85184f0_0, 1;
    %set/v v0x7fdca8518d90_0, 8, 1;
    %load/v 8, v0x7fdca8518310_0, 1;
    %set/v v0x7fdca8518770_0, 8, 1;
    %jmp T_6.1;
T_6.0 ;
    %load/v 8, v0x7fdca8518280_0, 4;
    %mov 12, 0, 1;
    %cmpi/u 8, 1, 5;
    %jmp/0xz  T_6.2, 4;
    %load/v 8, v0x7fdca8518b10_0, 16;
    %set/v v0x7fdca8518b90_0, 8, 16;
    %set/v v0x7fdca8518a20_0, 0, 1;
    %set/v v0x7fdca8518d90_0, 0, 1;
    %set/v v0x7fdca8518770_0, 0, 1;
    %jmp T_6.3;
T_6.2 ;
    %load/v 8, v0x7fdca8518280_0, 4;
    %mov 12, 0, 1;
    %cmpi/u 8, 0, 5;
    %jmp/0xz  T_6.4, 4;
    %load/v 8, v0x7fdca85183b0_0, 16;
    %set/v v0x7fdca8518b90_0, 8, 16;
    %load/v 8, v0x7fdca8518450_0, 1;
    %set/v v0x7fdca8518a20_0, 8, 1;
    %load/v 8, v0x7fdca85184f0_0, 1;
    %set/v v0x7fdca8518d90_0, 8, 1;
    %load/v 8, v0x7fdca8518310_0, 1;
    %set/v v0x7fdca8518770_0, 8, 1;
    %jmp T_6.5;
T_6.4 ;
    %load/v 8, v0x7fdca8518280_0, 4;
    %mov 12, 0, 1;
    %cmpi/u 8, 3, 5;
    %jmp/0xz  T_6.6, 4;
    %load/v 8, v0x7fdca8518590_0, 16;
    %set/v v0x7fdca8518b90_0, 8, 16;
    %set/v v0x7fdca8518a20_0, 0, 1;
    %load/v 8, v0x7fdca8518630_0, 1;
    %set/v v0x7fdca8518d90_0, 8, 1;
    %set/v v0x7fdca8518770_0, 0, 1;
    %jmp T_6.7;
T_6.6 ;
    %load/v 8, v0x7fdca8518280_0, 4;
    %mov 12, 0, 1;
    %cmpi/u 8, 4, 5;
    %jmp/0xz  T_6.8, 4;
    %load/v 8, v0x7fdca8518840_0, 16;
    %set/v v0x7fdca8518b90_0, 8, 16;
    %set/v v0x7fdca8518a20_0, 0, 1;
    %load/v 8, v0x7fdca85188c0_0, 1;
    %set/v v0x7fdca8518d90_0, 8, 1;
    %set/v v0x7fdca8518770_0, 0, 1;
    %jmp T_6.9;
T_6.8 ;
    %load/v 8, v0x7fdca8518280_0, 4;
    %mov 12, 0, 1;
    %cmpi/u 8, 5, 5;
    %jmp/0xz  T_6.10, 4;
    %load/v 8, v0x7fdca8518c90_0, 16;
    %set/v v0x7fdca8518b90_0, 8, 16;
    %set/v v0x7fdca8518a20_0, 0, 1;
    %load/v 8, v0x7fdca8518d10_0, 1;
    %set/v v0x7fdca8518d90_0, 8, 1;
    %set/v v0x7fdca8518770_0, 0, 1;
    %jmp T_6.11;
T_6.10 ;
    %load/v 8, v0x7fdca8518280_0, 4;
    %mov 12, 0, 1;
    %cmpi/u 8, 6, 5;
    %jmp/0xz  T_6.12, 4;
    %load/v 8, v0x7fdca8518c90_0, 16;
    %set/v v0x7fdca8518b90_0, 8, 16;
    %set/v v0x7fdca8518a20_0, 0, 1;
    %load/v 8, v0x7fdca8518d10_0, 1;
    %set/v v0x7fdca8518d90_0, 8, 1;
    %set/v v0x7fdca8518770_0, 0, 1;
    %jmp T_6.13;
T_6.12 ;
    %load/v 8, v0x7fdca8518280_0, 4;
    %mov 12, 0, 1;
    %cmpi/u 8, 7, 5;
    %jmp/0xz  T_6.14, 4;
    %load/v 8, v0x7fdca8518c90_0, 16;
    %set/v v0x7fdca8518b90_0, 8, 16;
    %set/v v0x7fdca8518a20_0, 0, 1;
    %load/v 8, v0x7fdca8518d10_0, 1;
    %set/v v0x7fdca8518d90_0, 8, 1;
    %set/v v0x7fdca8518770_0, 0, 1;
    %jmp T_6.15;
T_6.14 ;
    %load/v 8, v0x7fdca85189a0_0, 4;
    %ix/load 1, 3, 0;
    %mov 4, 0, 1;
    %jmp/1 T_6.16, 4;
    %load/x1p 36, v0x7fdca85189a0_0, 1;
    %jmp T_6.17;
T_6.16 ;
    %mov 36, 2, 1;
T_6.17 ;
    %mov 24, 36, 1; Move signal select into place
    %mov 35, 24, 1; Repetition 12
    %mov 34, 24, 1; Repetition 11
    %mov 33, 24, 1; Repetition 10
    %mov 32, 24, 1; Repetition 9
    %mov 31, 24, 1; Repetition 8
    %mov 30, 24, 1; Repetition 7
    %mov 29, 24, 1; Repetition 6
    %mov 28, 24, 1; Repetition 5
    %mov 27, 24, 1; Repetition 4
    %mov 26, 24, 1; Repetition 3
    %mov 25, 24, 1; Repetition 2
    %mov 12, 24, 12;
    %set/v v0x7fdca8518b90_0, 8, 16;
    %set/v v0x7fdca8518a20_0, 0, 1;
    %set/v v0x7fdca8518d90_0, 0, 1;
    %set/v v0x7fdca8518770_0, 0, 1;
T_6.15 ;
T_6.13 ;
T_6.11 ;
T_6.9 ;
T_6.7 ;
T_6.5 ;
T_6.3 ;
T_6.1 ;
    %jmp T_6;
    .thread T_6, $push;
    .scope S_0x7fdca85065e0;
T_7 ;
    %set/v v0x7fdca8519140_0, 0, 32;
    %end;
    .thread T_7;
    .scope S_0x7fdca85065e0;
T_8 ;
T_8.0 ;
    %load/v 8, v0x7fdca8519140_0, 32;
   %cmpi/s 8, 10000, 32;
    %jmp/0xz T_8.1, 5;
    %delay 5, 0;
    %vpi_func 2 136 "$random", 8, 32;
    %set/v v0x7fdca85191c0_0, 8, 16;
    %vpi_func 2 137 "$random", 8, 32;
    %set/v v0x7fdca8519240_0, 8, 16;
    %vpi_func 2 138 "$random", 8, 32;
    %set/v v0x7fdca8518fc0_0, 8, 4;
    %delay 1, 0;
    %vpi_call 2 141 "$display", "ALUop = %h,  in1 = %h, in2 = %h, out = %h, zr = %b, neg = %b, ov = %b", v0x7fdca8518fc0_0, v0x7fdca85191c0_0, v0x7fdca8519240_0, v0x7fdca85193c0_0, v0x7fdca85194c0_0, v0x7fdca85192c0_0, v0x7fdca8519440_0;
    %load/v 8, v0x7fdca8519140_0, 32;
    %mov 40, 39, 1;
    %addi 8, 1, 33;
    %set/v v0x7fdca8519140_0, 8, 32;
    %jmp T_8.0;
T_8.1 ;
    %vpi_call 2 144 "$finish";
    %end;
    .thread T_8;
# The file index is used to find the file name in the following table.
:file_names 8;
    "N/A";
    "<interactive>";
    "alu.v";
    "adder.v";
    "paddsb.v";
    "andv.v";
    "norv.v";
    "shifter.v";
