#! /usr/local/iverilog/bin/vvp
:ivl_version "0.9.7 " "(v0_9_7-13-gbf08fcd)";
:vpi_time_precision + 0;
:vpi_module "system";
:vpi_module "v2005_math";
:vpi_module "va_math";
S_0x7fdd63c04380 .scope module, "t_shifter" "t_shifter" 2 118;
 .timescale 0 0;
v0x7fdd63d02b10_0 .var "arr", 0 0;
v0x7fdd63d02bb0_0 .var "dir", 0 0;
v0x7fdd63d02c30_0 .var/i "i", 31 0;
v0x7fdd63d02cb0_0 .net "out", 15 0, v0x7fdd63d02880_0; 1 drivers
v0x7fdd63d02d50_0 .var "shamt", 3 0;
v0x7fdd63d02e00_0 .var "src", 15 0;
S_0x7fdd63c13210 .scope module, "dut" "shifter" 2 127, 2 1, S_0x7fdd63c04380;
 .timescale 0 0;
P_0x7fdd63c132f8 .param/l "arith" 2 20, +C4<01>;
P_0x7fdd63c13320 .param/l "left" 2 18, +C4<0>;
P_0x7fdd63c13348 .param/l "logical" 2 21, +C4<0>;
P_0x7fdd63c13370 .param/l "right" 2 19, +C4<01>;
v0x7fdd63c133a0_0 .net "arr", 0 0, v0x7fdd63d02b10_0; 1 drivers
v0x7fdd63d02560_0 .net "dir", 0 0, v0x7fdd63d02bb0_0; 1 drivers
v0x7fdd63d025f0_0 .var "inter0", 15 0;
v0x7fdd63d026a0_0 .var "inter1", 15 0;
v0x7fdd63d02730_0 .var "inter2", 15 0;
v0x7fdd63d027f0_0 .var "neg", 0 0;
v0x7fdd63d02880_0 .var "out", 15 0;
v0x7fdd63d02940_0 .net "shamt", 3 0, v0x7fdd63d02d50_0; 1 drivers
v0x7fdd63d029c0_0 .net "src", 15 0, v0x7fdd63d02e00_0; 1 drivers
v0x7fdd63d02a90_0 .var "zr", 0 0;
E_0x7fdd63c057b0/0 .event edge, v0x7fdd63d02560_0, v0x7fdd63d02940_0, v0x7fdd63d029c0_0, v0x7fdd63d025f0_0;
E_0x7fdd63c057b0/1 .event edge, v0x7fdd63d026a0_0, v0x7fdd63d02730_0, v0x7fdd63c133a0_0, v0x7fdd63d02880_0;
E_0x7fdd63c057b0 .event/or E_0x7fdd63c057b0/0, E_0x7fdd63c057b0/1;
    .scope S_0x7fdd63c13210;
T_0 ;
    %wait E_0x7fdd63c057b0;
    %load/v 8, v0x7fdd63d02560_0, 1;
    %mov 9, 0, 1;
    %cmpi/u 8, 0, 2;
    %jmp/0xz  T_0.0, 4;
    %load/v 8, v0x7fdd63d02940_0, 1; Only need 1 of 4 bits
; Save base=8 wid=1 in lookaside.
    %jmp/0xz  T_0.2, 8;
    %load/v 8, v0x7fdd63d029c0_0, 16;
    %ix/load 0, 1, 0;
    %mov 4, 0, 1;
    %shiftl/i0  8, 16;
    %set/v v0x7fdd63d025f0_0, 8, 16;
    %jmp T_0.3;
T_0.2 ;
    %load/v 8, v0x7fdd63d029c0_0, 16;
    %set/v v0x7fdd63d025f0_0, 8, 16;
T_0.3 ;
    %ix/load 1, 1, 0;
    %mov 4, 0, 1;
    %jmp/1 T_0.4, 4;
    %load/x1p 8, v0x7fdd63d02940_0, 1;
    %jmp T_0.5;
T_0.4 ;
    %mov 8, 2, 1;
T_0.5 ;
; Save base=8 wid=1 in lookaside.
    %jmp/0xz  T_0.6, 8;
    %load/v 8, v0x7fdd63d025f0_0, 16;
    %ix/load 0, 2, 0;
    %mov 4, 0, 1;
    %shiftl/i0  8, 16;
    %set/v v0x7fdd63d026a0_0, 8, 16;
    %jmp T_0.7;
T_0.6 ;
    %load/v 8, v0x7fdd63d025f0_0, 16;
    %set/v v0x7fdd63d026a0_0, 8, 16;
T_0.7 ;
    %ix/load 1, 2, 0;
    %mov 4, 0, 1;
    %jmp/1 T_0.8, 4;
    %load/x1p 8, v0x7fdd63d02940_0, 1;
    %jmp T_0.9;
T_0.8 ;
    %mov 8, 2, 1;
T_0.9 ;
; Save base=8 wid=1 in lookaside.
    %jmp/0xz  T_0.10, 8;
    %load/v 8, v0x7fdd63d026a0_0, 16;
    %ix/load 0, 4, 0;
    %mov 4, 0, 1;
    %shiftl/i0  8, 16;
    %set/v v0x7fdd63d02730_0, 8, 16;
    %jmp T_0.11;
T_0.10 ;
    %load/v 8, v0x7fdd63d026a0_0, 16;
    %set/v v0x7fdd63d02730_0, 8, 16;
T_0.11 ;
    %ix/load 1, 3, 0;
    %mov 4, 0, 1;
    %jmp/1 T_0.12, 4;
    %load/x1p 8, v0x7fdd63d02940_0, 1;
    %jmp T_0.13;
T_0.12 ;
    %mov 8, 2, 1;
T_0.13 ;
; Save base=8 wid=1 in lookaside.
    %jmp/0xz  T_0.14, 8;
    %load/v 8, v0x7fdd63d02730_0, 16;
    %ix/load 0, 8, 0;
    %mov 4, 0, 1;
    %shiftl/i0  8, 16;
    %set/v v0x7fdd63d02880_0, 8, 16;
    %jmp T_0.15;
T_0.14 ;
    %load/v 8, v0x7fdd63d02730_0, 16;
    %set/v v0x7fdd63d02880_0, 8, 16;
T_0.15 ;
    %jmp T_0.1;
T_0.0 ;
    %load/v 8, v0x7fdd63c133a0_0, 1;
    %mov 9, 0, 1;
    %cmpi/u 8, 0, 2;
    %jmp/0xz  T_0.16, 4;
    %load/v 8, v0x7fdd63d02940_0, 1; Only need 1 of 4 bits
; Save base=8 wid=1 in lookaside.
    %jmp/0xz  T_0.18, 8;
    %load/v 8, v0x7fdd63d029c0_0, 16;
    %ix/load 0, 1, 0;
    %mov 4, 0, 1;
    %shiftr/i0  8, 16;
    %set/v v0x7fdd63d025f0_0, 8, 16;
    %jmp T_0.19;
T_0.18 ;
    %load/v 8, v0x7fdd63d029c0_0, 16;
    %set/v v0x7fdd63d025f0_0, 8, 16;
T_0.19 ;
    %ix/load 1, 1, 0;
    %mov 4, 0, 1;
    %jmp/1 T_0.20, 4;
    %load/x1p 8, v0x7fdd63d02940_0, 1;
    %jmp T_0.21;
T_0.20 ;
    %mov 8, 2, 1;
T_0.21 ;
; Save base=8 wid=1 in lookaside.
    %jmp/0xz  T_0.22, 8;
    %load/v 8, v0x7fdd63d025f0_0, 16;
    %ix/load 0, 2, 0;
    %mov 4, 0, 1;
    %shiftr/i0  8, 16;
    %set/v v0x7fdd63d026a0_0, 8, 16;
    %jmp T_0.23;
T_0.22 ;
    %load/v 8, v0x7fdd63d025f0_0, 16;
    %set/v v0x7fdd63d026a0_0, 8, 16;
T_0.23 ;
    %ix/load 1, 2, 0;
    %mov 4, 0, 1;
    %jmp/1 T_0.24, 4;
    %load/x1p 8, v0x7fdd63d02940_0, 1;
    %jmp T_0.25;
T_0.24 ;
    %mov 8, 2, 1;
T_0.25 ;
; Save base=8 wid=1 in lookaside.
    %jmp/0xz  T_0.26, 8;
    %load/v 8, v0x7fdd63d026a0_0, 16;
    %ix/load 0, 4, 0;
    %mov 4, 0, 1;
    %shiftr/i0  8, 16;
    %set/v v0x7fdd63d02730_0, 8, 16;
    %jmp T_0.27;
T_0.26 ;
    %load/v 8, v0x7fdd63d026a0_0, 16;
    %set/v v0x7fdd63d02730_0, 8, 16;
T_0.27 ;
    %ix/load 1, 3, 0;
    %mov 4, 0, 1;
    %jmp/1 T_0.28, 4;
    %load/x1p 8, v0x7fdd63d02940_0, 1;
    %jmp T_0.29;
T_0.28 ;
    %mov 8, 2, 1;
T_0.29 ;
; Save base=8 wid=1 in lookaside.
    %jmp/0xz  T_0.30, 8;
    %load/v 8, v0x7fdd63d02730_0, 16;
    %ix/load 0, 8, 0;
    %mov 4, 0, 1;
    %shiftr/i0  8, 16;
    %set/v v0x7fdd63d02880_0, 8, 16;
    %jmp T_0.31;
T_0.30 ;
    %load/v 8, v0x7fdd63d02730_0, 16;
    %set/v v0x7fdd63d02880_0, 8, 16;
T_0.31 ;
    %jmp T_0.17;
T_0.16 ;
    %load/v 8, v0x7fdd63d02940_0, 1; Only need 1 of 4 bits
; Save base=8 wid=1 in lookaside.
    %jmp/0xz  T_0.32, 8;
    %load/v 8, v0x7fdd63d029c0_0, 16;
    %ix/load 0, 1, 0;
    %mov 4, 0, 1;
    %shiftr/i0  8, 16;
    %set/v v0x7fdd63d025f0_0, 8, 16;
    %jmp T_0.33;
T_0.32 ;
    %load/v 8, v0x7fdd63d029c0_0, 16;
    %set/v v0x7fdd63d025f0_0, 8, 16;
T_0.33 ;
    %ix/load 1, 1, 0;
    %mov 4, 0, 1;
    %jmp/1 T_0.34, 4;
    %load/x1p 8, v0x7fdd63d02940_0, 1;
    %jmp T_0.35;
T_0.34 ;
    %mov 8, 2, 1;
T_0.35 ;
; Save base=8 wid=1 in lookaside.
    %jmp/0xz  T_0.36, 8;
    %load/v 8, v0x7fdd63d025f0_0, 16;
    %ix/load 0, 2, 0;
    %mov 4, 0, 1;
    %shiftr/i0  8, 16;
    %set/v v0x7fdd63d026a0_0, 8, 16;
    %jmp T_0.37;
T_0.36 ;
    %load/v 8, v0x7fdd63d025f0_0, 16;
    %set/v v0x7fdd63d026a0_0, 8, 16;
T_0.37 ;
    %ix/load 1, 2, 0;
    %mov 4, 0, 1;
    %jmp/1 T_0.38, 4;
    %load/x1p 8, v0x7fdd63d02940_0, 1;
    %jmp T_0.39;
T_0.38 ;
    %mov 8, 2, 1;
T_0.39 ;
; Save base=8 wid=1 in lookaside.
    %jmp/0xz  T_0.40, 8;
    %load/v 8, v0x7fdd63d026a0_0, 16;
    %ix/load 0, 4, 0;
    %mov 4, 0, 1;
    %shiftr/i0  8, 16;
    %set/v v0x7fdd63d02730_0, 8, 16;
    %jmp T_0.41;
T_0.40 ;
    %load/v 8, v0x7fdd63d026a0_0, 16;
    %set/v v0x7fdd63d02730_0, 8, 16;
T_0.41 ;
    %ix/load 1, 3, 0;
    %mov 4, 0, 1;
    %jmp/1 T_0.42, 4;
    %load/x1p 8, v0x7fdd63d02940_0, 1;
    %jmp T_0.43;
T_0.42 ;
    %mov 8, 2, 1;
T_0.43 ;
; Save base=8 wid=1 in lookaside.
    %jmp/0xz  T_0.44, 8;
    %load/v 8, v0x7fdd63d02730_0, 16;
    %ix/load 0, 8, 0;
    %mov 4, 0, 1;
    %shiftr/i0  8, 16;
    %set/v v0x7fdd63d02880_0, 8, 16;
    %jmp T_0.45;
T_0.44 ;
    %load/v 8, v0x7fdd63d02730_0, 16;
    %set/v v0x7fdd63d02880_0, 8, 16;
T_0.45 ;
T_0.17 ;
T_0.1 ;
    %load/v 8, v0x7fdd63d02880_0, 16;
    %cmpi/u 8, 0, 16;
    %jmp/0xz  T_0.46, 4;
    %set/v v0x7fdd63d02a90_0, 1, 1;
    %jmp T_0.47;
T_0.46 ;
    %set/v v0x7fdd63d02a90_0, 0, 1;
T_0.47 ;
    %ix/load 1, 15, 0;
    %mov 4, 0, 1;
    %jmp/1 T_0.48, 4;
    %load/x1p 8, v0x7fdd63d02880_0, 1;
    %jmp T_0.49;
T_0.48 ;
    %mov 8, 2, 1;
T_0.49 ;
; Save base=8 wid=1 in lookaside.
    %set/v v0x7fdd63d027f0_0, 8, 1;
    %jmp T_0;
    .thread T_0, $push;
    .scope S_0x7fdd63c04380;
T_1 ;
    %set/v v0x7fdd63d02c30_0, 0, 32;
    %end;
    .thread T_1;
    .scope S_0x7fdd63c04380;
T_2 ;
T_2.0 ;
    %load/v 8, v0x7fdd63d02c30_0, 32;
   %cmpi/s 8, 10000, 32;
    %jmp/0xz T_2.1, 5;
    %delay 5, 0;
    %vpi_func 2 135 "$random", 8, 32;
    %set/v v0x7fdd63d02e00_0, 8, 16;
    %vpi_func 2 136 "$random", 8, 32;
    %set/v v0x7fdd63d02d50_0, 8, 4;
    %vpi_func 2 137 "$random", 8, 32;
    %set/v v0x7fdd63d02bb0_0, 8, 1;
    %vpi_func 2 138 "$random", 8, 32;
    %set/v v0x7fdd63d02b10_0, 8, 1;
    %delay 1, 0;
    %vpi_call 2 141 "$display", "%h << %d = %h, dir = %b, arr = %b", v0x7fdd63d02e00_0, v0x7fdd63d02d50_0, v0x7fdd63d02cb0_0, v0x7fdd63d02bb0_0, v0x7fdd63d02b10_0;
    %load/v 8, v0x7fdd63d02c30_0, 32;
    %mov 40, 39, 1;
    %addi 8, 1, 33;
    %set/v v0x7fdd63d02c30_0, 8, 32;
    %jmp T_2.0;
T_2.1 ;
    %vpi_call 2 144 "$finish";
    %end;
    .thread T_2;
# The file index is used to find the file name in the following table.
:file_names 3;
    "N/A";
    "<interactive>";
    "shifter.v";
